info: undefined {"timestamp":"2025-03-19T18:14:53.441Z"}
{"level":"info","timestamp":"2025-03-19T18:14:59.486Z"}
{"level":"info","message":"listening..","timestamp":"2025-03-19T18:17:08.551Z"}
{"level":"info","timestamp":"2025-03-19T18:17:09.058Z"}
{"level":"info","message":"listening..","timestamp":"2025-03-19T18:17:30.384Z"}
{"level":"info","timestamp":"2025-03-19T18:17:30.914Z"}
{"level":"info","message":"listening..","timestamp":"2025-03-19T18:18:11.148Z"}
{"level":"info","timestamp":"2025-03-19T18:18:11.668Z"}
{"level":"info","message":"listening..","timestamp":"2025-03-19T18:18:29.843Z"}
{"level":"info","timestamp":"2025-03-19T18:18:30.318Z"}
{"level":"info","message":"listening..","timestamp":"2025-03-19T18:18:38.607Z"}
{"level":"info","timestamp":"2025-03-19T18:18:39.092Z"}
{"level":"info","message":"listening..","timestamp":"2025-03-19T18:19:02.045Z"}
{"level":"info","message":"info","timestamp":"2025-03-19T18:19:02.543Z"}
{"level":"error","message":"listening..","timestamp":"2025-03-20T09:58:46.804Z"}
{"level":"error","message":"listening..","timestamp":"2025-03-20T09:58:47.577Z"}
{"level":"error","message":"Database","timestamp":"2025-03-20T09:58:48.090Z"}
{"level":"error","message":"listening..","timestamp":"2025-03-20T10:18:42.709Z"}
{"level":"error","message":"Database","timestamp":"2025-03-20T10:18:43.196Z"}
{"level":"error","message":"listening..","timestamp":"2025-03-20T10:28:53.872Z"}
{"level":"error","message":"Database","timestamp":"2025-03-20T10:28:54.393Z"}
{"level":"error","message":"listening..","timestamp":"2025-03-20T10:29:02.355Z"}
{"level":"error","message":"Database","timestamp":"2025-03-20T10:29:02.867Z"}
{"level":"info","message":"listening..","timestamp":"2025-03-24T10:04:20.510Z"}
{"level":"error","message":"Database","timestamp":"2025-03-24T10:04:21.004Z"}
{"level":"info","message":"listening..","timestamp":"2025-03-24T12:40:16.174Z"}
{"level":"info","message":"Database","timestamp":"2025-03-24T12:40:16.669Z"}
{"level":"info","message":"listening..","timestamp":"2025-03-24T14:52:55.965Z"}
{"level":"info","message":"Database","timestamp":"2025-03-24T14:52:56.443Z"}
{"level":"info","message":"listening..","timestamp":"2025-03-24T14:53:40.565Z"}
{"level":"info","message":"Database","timestamp":"2025-03-24T14:53:41.110Z"}
{"level":"info","message":"listening..","timestamp":"2025-03-24T15:24:39.491Z"}
{"level":"info","message":"Database","timestamp":"2025-03-24T15:24:39.971Z"}
{"level":"info","message":"listening..","timestamp":"2025-03-24T15:26:06.320Z"}
{"level":"info","message":"Database","timestamp":"2025-03-24T15:26:06.809Z"}
{"level":"info","message":"listening..","timestamp":"2025-03-24T15:27:14.580Z"}
{"level":"info","message":"Database","timestamp":"2025-03-24T15:27:15.091Z"}
{"level":"info","message":"listening..","timestamp":"2025-03-24T15:34:23.868Z"}
{"level":"info","message":"Database","timestamp":"2025-03-24T15:34:24.365Z"}
{"level":"info","message":"listening..","timestamp":"2025-03-24T15:45:15.175Z"}
{"level":"info","message":"Database","timestamp":"2025-03-24T15:45:15.649Z"}
